C51 COMPILER V9.60.0.0   DELAY                                                             06/08/2023 02:14:08 PAGE 1   


C51 COMPILER V9.60.0.0, COMPILATION OF MODULE DELAY
OBJECT MODULE PLACED IN .\Objects\Delay.obj
COMPILER INVOKED BY: C:\Keil_v5\C51\BIN\C51.EXE ..\SYSTEM\delay\Delay.c OPTIMIZE(8,SPEED) BROWSE INCDIR(..\Device\KEY;..
                    -\Device\Nixie_tube;..\HARDWARE\IIC;..\HARDWARE\Timer;..\SYSTEM\delay;..\Project) DEBUG OBJECTEXTEND PRINT(.\Listings\Del
                    -ay.lst) TABS(2) OBJECT(.\Objects\Delay.obj)

line level    source

   1          #include "Delay.h"
   2          
   3          //ÑÓÊ±º¯Êý
   4          void Delay(unsigned int time)  
   5          {
   6   1        unsigned char i;
   7   1        for(;time>0;time--)
   8   1            for(i=112;i>0;i--);
   9   1      }
  10          


MODULE INFORMATION:   STATIC OVERLAYABLE
   CODE SIZE        =     32    ----
   CONSTANT SIZE    =   ----    ----
   XDATA SIZE       =   ----    ----
   PDATA SIZE       =   ----    ----
   DATA SIZE        =   ----    ----
   IDATA SIZE       =   ----    ----
   BIT SIZE         =   ----    ----
END OF MODULE INFORMATION.


C51 COMPILATION COMPLETE.  0 WARNING(S),  0 ERROR(S)
