C51 COMPILER V9.60.0.0   TIMER                                                             06/08/2023 04:30:55 PAGE 1   


C51 COMPILER V9.60.0.0, COMPILATION OF MODULE TIMER
OBJECT MODULE PLACED IN .\Objects\Timer.obj
COMPILER INVOKED BY: C:\Keil_v5\C51\BIN\C51.EXE ..\HARDWARE\Timer\Timer.c OPTIMIZE(8,SPEED) BROWSE INCDIR(..\Device\KEY;
                    -..\Device\Nixie_tube;..\HARDWARE\IIC;..\HARDWARE\Timer;..\SYSTEM\delay;..\Project) DEBUG OBJECTEXTEND PRINT(.\Listings\T
                    -imer.lst) TABS(2) OBJECT(.\Objects\Timer.obj)

line level    source

   1          #include "Timer.h"
   2          #include "main.h"
*** ERROR C100 IN LINE 29 OF main.h: unprintable character 0xA1 skipped
*** ERROR C100 IN LINE 29 OF main.h: unprintable character 0xA4 skipped
*** ERROR C100 IN LINE 29 OF main.h: unprintable character 0xA1 skipped
*** ERROR C100 IN LINE 29 OF main.h: unprintable character 0xA4 skipped
   3          unsigned long alarm_time;
   4          unsigned int alarm_flag_time;
   5          
   6          unsigned long lock_off_time;
   7          unsigned int time_off_lock_count;
   8          
   9          void Timer_Init(void)
  10          {
  11   1        TMOD = 0x01;
  12   1        
  13   1        TL0 = 0x66;   //设置定时初始值
  14   1        TH0 = 0xFC;   //设置定时初始值
  15   1        
  16   1        ET0 = 1;
  17   1        TR0 = 1;
  18   1        EA = 1;
  19   1      }
  20          
  21          void timer_ISR() interrupt 1
  22          {
  23   1        TL0 = 0x66;   
  24   1        TH0 = 0xFC;   
  25   1        if(lock_T.alarm_flag>=3)
  26   1        {
  27   2          alarm_time++;
  28   2          if(alarm_time>1000)
  29   2          {
  30   3              ALARM=~ALARM;
  31   3              alarm_time=0;
  32   3              alarm_flag_time++;
  33   3          }
  34   2        }
  35   1        if(lock_T.time_off_lock==1)
  36   1        {
  37   2          lock_off_time++;
  38   2          if(lock_off_time>1000)
  39   2          {
  40   3              lock_off_time=0;
  41   3              time_off_lock_count++;
  42   3          }
  43   2        }
  44   1      }

C51 COMPILATION COMPLETE.  0 WARNING(S),  4 ERROR(S)
