C51 COMPILER V9.60.0.0   USART                                                             06/07/2023 12:55:12 PAGE 1   


C51 COMPILER V9.60.0.0, COMPILATION OF MODULE USART
OBJECT MODULE PLACED IN .\Objects\USART.obj
COMPILER INVOKED BY: C:\Keil_v5\C51\BIN\C51.EXE ..\HARDWARE\usart\USART.c OPTIMIZE(8,SPEED) BROWSE INCDIR(..\Device\KEY;
                    -..\Device\Nixie_tube;..\HARDWARE\IIC;..\HARDWARE\Timer;..\SYSTEM\delay;..\HARDWARE\usart) DEBUG OBJECTEXTEND PRINT(.\Lis
                    -tings\USART.lst) TABS(2) OBJECT(.\Objects\USART.obj)

line level    source

   1          #include "USART.h"
   2          
   3          
   4          //串口初始化程序
   5          void USART_Init(void)
   6          {
   7   1          SCON = 0x50;  //串口方式1，允许接收，TI和RI请零
   8   1          TMOD = 0x20;  //T1设定为定时方式2
   9   1          TH1 = TL1 = -(FOSC/12/32/BAUD); // 时钟频率/12/32/波特率-取反码=即可得到寄存器的值
  10   1          TR1 = 1;      //开启定时器    
  11   1          ES = 1;       //启用UART中断
  12   1          EA = 1;       //开总中断
  13   1      }
  14          //串口发送字节函数
  15          void SendData(BYTE dat)
  16          {
  17   1          SBUF = dat;      //将数据写入SBUF        
  18   1          while (!TI);   //等待当前数据发送完毕       
  19   1          TI = 0;       //清楚TI发送标志位
  20   1      }
  21          //串口发送字符串函数
  22          void SendString(char *s)
  23          {
  24   1        while (*s!='\0')            //当缓冲区发送的数据不为空时
  25   1          {
  26   2            SendData(*s++);    //调用串口发送字节函数 指针++输出每一个字符 
  27   2          }
  28   1      }
  29          
  30          
  31          


MODULE INFORMATION:   STATIC OVERLAYABLE
   CODE SIZE        =     64    ----
   CONSTANT SIZE    =   ----    ----
   XDATA SIZE       =   ----    ----
   PDATA SIZE       =   ----    ----
   DATA SIZE        =   ----       3
   IDATA SIZE       =   ----    ----
   BIT SIZE         =   ----    ----
END OF MODULE INFORMATION.


C51 COMPILATION COMPLETE.  0 WARNING(S),  0 ERROR(S)
